warning: no-jdk distributions that do not bundle a JDK are deprecated and will be removed in a future release
warning: no-jdk distributions that do not bundle a JDK are deprecated and will be removed in a future release
OpenJDK 64-Bit Server VM warning: Option UseConcMarkSweepGC was deprecated in version 9.0 and will likely be removed in a future release.
[2021-05-02T10:03:54,176][INFO ][o.e.n.Node               ] [HERMANs-MacBook-Pro-2.local] version[7.10.0], pid[5160], build[oss/zip/51e9d6f22758d0374a0f3f5c6e8f3a7997850f96/2020-11-09T21:30:33.964949Z], OS[Mac OS X/10.15.7/x86_64], JVM[AdoptOpenJDK/OpenJDK 64-Bit Server VM/11.0.10/11.0.10+9]
[2021-05-02T10:03:54,178][INFO ][o.e.n.Node               ] [HERMANs-MacBook-Pro-2.local] JVM home [/Library/Java/JavaVirtualMachines/adoptopenjdk-11.jdk/Contents/Home]
[2021-05-02T10:03:54,181][INFO ][o.e.n.Node               ] [HERMANs-MacBook-Pro-2.local] JVM arguments [-Xshare:auto, -Des.networkaddress.cache.ttl=60, -Des.networkaddress.cache.negative.ttl=10, -XX:+AlwaysPreTouch, -Xss1m, -Djava.awt.headless=true, -Dfile.encoding=UTF-8, -Djna.nosys=true, -XX:-OmitStackTraceInFastThrow, -Dio.netty.noUnsafe=true, -Dio.netty.noKeySetOptimization=true, -Dio.netty.recycler.maxCapacityPerThread=0, -Dio.netty.allocator.numDirectArenas=0, -Dlog4j.shutdownHookEnabled=false, -Dlog4j2.disable.jmx=true, -Djava.locale.providers=SPI,COMPAT, -Xms1g, -Xmx1g, -XX:+UseConcMarkSweepGC, -XX:CMSInitiatingOccupancyFraction=75, -XX:+UseCMSInitiatingOccupancyOnly, -Djava.io.tmpdir=/var/folders/7g/10w9t1c14bb55ljf7cdn6fpw0000gn/T/elasticsearch-9072754219372624074, -XX:+HeapDumpOnOutOfMemoryError, -XX:HeapDumpPath=data, -XX:ErrorFile=logs/hs_err_pid%p.log, -Xlog:gc*,gc+age=trace,safepoint:file=logs/gc.log:utctime,pid,tags:filecount=32,filesize=64m, -Xms1g, -Xmx1g, -XX:MaxDirectMemorySize=536870912, -Des.path.home=/Users/hermanplatou/code/private/Masters/camunda-simulation/camunda-optimize-3.4.0-demo/elasticsearch/elasticsearch-7.10.0, -Des.path.conf=/Users/hermanplatou/code/private/Masters/camunda-simulation/camunda-optimize-3.4.0-demo/elasticsearch/elasticsearch-7.10.0/config, -Des.distribution.flavor=oss, -Des.distribution.type=zip, -Des.bundled_jdk=false]
[2021-05-02T10:03:54,710][INFO ][o.e.p.PluginsService     ] [HERMANs-MacBook-Pro-2.local] loaded module [aggs-matrix-stats]
[2021-05-02T10:03:54,710][INFO ][o.e.p.PluginsService     ] [HERMANs-MacBook-Pro-2.local] loaded module [analysis-common]
[2021-05-02T10:03:54,711][INFO ][o.e.p.PluginsService     ] [HERMANs-MacBook-Pro-2.local] loaded module [geo]
[2021-05-02T10:03:54,711][INFO ][o.e.p.PluginsService     ] [HERMANs-MacBook-Pro-2.local] loaded module [ingest-common]
[2021-05-02T10:03:54,711][INFO ][o.e.p.PluginsService     ] [HERMANs-MacBook-Pro-2.local] loaded module [ingest-geoip]
[2021-05-02T10:03:54,711][INFO ][o.e.p.PluginsService     ] [HERMANs-MacBook-Pro-2.local] loaded module [ingest-user-agent]
[2021-05-02T10:03:54,711][INFO ][o.e.p.PluginsService     ] [HERMANs-MacBook-Pro-2.local] loaded module [kibana]
[2021-05-02T10:03:54,712][INFO ][o.e.p.PluginsService     ] [HERMANs-MacBook-Pro-2.local] loaded module [lang-expression]
[2021-05-02T10:03:54,712][INFO ][o.e.p.PluginsService     ] [HERMANs-MacBook-Pro-2.local] loaded module [lang-mustache]
[2021-05-02T10:03:54,712][INFO ][o.e.p.PluginsService     ] [HERMANs-MacBook-Pro-2.local] loaded module [lang-painless]
[2021-05-02T10:03:54,712][INFO ][o.e.p.PluginsService     ] [HERMANs-MacBook-Pro-2.local] loaded module [mapper-extras]
[2021-05-02T10:03:54,712][INFO ][o.e.p.PluginsService     ] [HERMANs-MacBook-Pro-2.local] loaded module [parent-join]
[2021-05-02T10:03:54,712][INFO ][o.e.p.PluginsService     ] [HERMANs-MacBook-Pro-2.local] loaded module [percolator]
[2021-05-02T10:03:54,713][INFO ][o.e.p.PluginsService     ] [HERMANs-MacBook-Pro-2.local] loaded module [rank-eval]
[2021-05-02T10:03:54,713][INFO ][o.e.p.PluginsService     ] [HERMANs-MacBook-Pro-2.local] loaded module [reindex]
[2021-05-02T10:03:54,713][INFO ][o.e.p.PluginsService     ] [HERMANs-MacBook-Pro-2.local] loaded module [repository-url]
[2021-05-02T10:03:54,713][INFO ][o.e.p.PluginsService     ] [HERMANs-MacBook-Pro-2.local] loaded module [transport-netty4]
[2021-05-02T10:03:54,713][INFO ][o.e.p.PluginsService     ] [HERMANs-MacBook-Pro-2.local] no plugins loaded
[2021-05-02T10:03:54,744][INFO ][o.e.e.NodeEnvironment    ] [HERMANs-MacBook-Pro-2.local] using [1] data paths, mounts [[/System/Volumes/Data (/dev/disk1s2)]], net usable_space [190.3gb], net total_space [465.6gb], types [apfs]
[2021-05-02T10:03:54,745][INFO ][o.e.e.NodeEnvironment    ] [HERMANs-MacBook-Pro-2.local] heap size [989.8mb], compressed ordinary object pointers [true]
[2021-05-02T10:03:54,779][INFO ][o.e.n.Node               ] [HERMANs-MacBook-Pro-2.local] node name [HERMANs-MacBook-Pro-2.local], node ID [D4OTH0l1QbecFiK-oJvCxQ], cluster name [elasticsearch], roles [master, remote_cluster_client, data, ingest]
[2021-05-02T10:03:57,101][INFO ][o.e.t.NettyAllocator     ] [HERMANs-MacBook-Pro-2.local] creating NettyAllocator with the following configs: [name=unpooled, suggested_max_allocation_size=1mb, factors={es.unsafe.use_unpooled_allocator=null, g1gc_enabled=false, g1gc_region_size=0b, heap_size=989.8mb}]
[2021-05-02T10:03:57,173][INFO ][o.e.d.DiscoveryModule    ] [HERMANs-MacBook-Pro-2.local] using discovery type [zen] and seed hosts providers [settings]
[2021-05-02T10:03:57,441][WARN ][o.e.g.DanglingIndicesState] [HERMANs-MacBook-Pro-2.local] gateway.auto_import_dangling_indices is disabled, dangling indices will not be automatically detected or imported and must be managed manually
[2021-05-02T10:03:57,542][INFO ][o.e.n.Node               ] [HERMANs-MacBook-Pro-2.local] initialized
[2021-05-02T10:03:57,543][INFO ][o.e.n.Node               ] [HERMANs-MacBook-Pro-2.local] starting ...
[2021-05-02T10:03:57,649][INFO ][o.e.t.TransportService   ] [HERMANs-MacBook-Pro-2.local] publish_address {127.0.0.1:9300}, bound_addresses {[::1]:9300}, {127.0.0.1:9300}
[2021-05-02T10:03:57,790][WARN ][o.e.b.BootstrapChecks    ] [HERMANs-MacBook-Pro-2.local] the default discovery settings are unsuitable for production use; at least one of [discovery.seed_hosts, discovery.seed_providers, cluster.initial_master_nodes] must be configured
[2021-05-02T10:03:57,801][INFO ][o.e.c.c.ClusterBootstrapService] [HERMANs-MacBook-Pro-2.local] no discovery configuration found, will perform best-effort cluster bootstrapping after [3s] unless existing master is discovered
[2021-05-02T10:04:00,806][INFO ][o.e.c.c.Coordinator      ] [HERMANs-MacBook-Pro-2.local] setting initial configuration to VotingConfiguration{D4OTH0l1QbecFiK-oJvCxQ}
[2021-05-02T10:04:00,903][INFO ][o.e.c.s.MasterService    ] [HERMANs-MacBook-Pro-2.local] elected-as-master ([1] nodes joined)[{HERMANs-MacBook-Pro-2.local}{D4OTH0l1QbecFiK-oJvCxQ}{wp__XR-0SdKUbS2snquXtQ}{127.0.0.1}{127.0.0.1:9300}{dimr} elect leader, _BECOME_MASTER_TASK_, _FINISH_ELECTION_], term: 1, version: 1, delta: master node changed {previous [], current [{HERMANs-MacBook-Pro-2.local}{D4OTH0l1QbecFiK-oJvCxQ}{wp__XR-0SdKUbS2snquXtQ}{127.0.0.1}{127.0.0.1:9300}{dimr}]}
[2021-05-02T10:04:00,942][INFO ][o.e.c.c.CoordinationState] [HERMANs-MacBook-Pro-2.local] cluster UUID set to [FSD4VsE5T6GkxVhKGyOyyA]
[2021-05-02T10:04:00,970][INFO ][o.e.c.s.ClusterApplierService] [HERMANs-MacBook-Pro-2.local] master node changed {previous [], current [{HERMANs-MacBook-Pro-2.local}{D4OTH0l1QbecFiK-oJvCxQ}{wp__XR-0SdKUbS2snquXtQ}{127.0.0.1}{127.0.0.1:9300}{dimr}]}, term: 1, version: 1, reason: Publication{term=1, version=1}
[2021-05-02T10:04:00,988][INFO ][o.e.h.AbstractHttpServerTransport] [HERMANs-MacBook-Pro-2.local] publish_address {127.0.0.1:9200}, bound_addresses {[::1]:9200}, {127.0.0.1:9200}
[2021-05-02T10:04:00,988][INFO ][o.e.n.Node               ] [HERMANs-MacBook-Pro-2.local] started
[2021-05-02T10:04:01,006][INFO ][o.e.g.GatewayService     ] [HERMANs-MacBook-Pro-2.local] recovered [0] indices into cluster_state
[2021-05-02T10:04:13,877][INFO ][o.e.c.m.MetadataCreateIndexService] [HERMANs-MacBook-Pro-2.local] [optimize-alert_v4] creating index, cause [api], templates [], shards [1]/[1]
[2021-05-02T10:04:14,271][INFO ][o.e.c.m.MetadataCreateIndexService] [HERMANs-MacBook-Pro-2.local] [optimize-business-key_v2] creating index, cause [api], templates [], shards [1]/[1]
[2021-05-02T10:04:14,533][INFO ][o.e.c.m.MetadataCreateIndexService] [HERMANs-MacBook-Pro-2.local] [optimize-collection_v4] creating index, cause [api], templates [], shards [1]/[1]
[2021-05-02T10:04:14,761][INFO ][o.e.c.m.MetadataCreateIndexService] [HERMANs-MacBook-Pro-2.local] [optimize-dashboard_v4] creating index, cause [api], templates [], shards [1]/[1]
[2021-05-02T10:04:14,967][INFO ][o.e.c.m.MetadataCreateIndexService] [HERMANs-MacBook-Pro-2.local] [optimize-dashboard-share_v3] creating index, cause [api], templates [], shards [1]/[1]
[2021-05-02T10:04:15,176][INFO ][o.e.c.m.MetadataCreateIndexService] [HERMANs-MacBook-Pro-2.local] [optimize-decision-definition_v4] creating index, cause [api], templates [], shards [1]/[1]
[2021-05-02T10:04:15,381][INFO ][o.e.c.m.MetadataCreateIndexService] [HERMANs-MacBook-Pro-2.local] [optimize-license_v3] creating index, cause [api], templates [], shards [1]/[1]
[2021-05-02T10:04:15,588][INFO ][o.e.c.m.MetadataCreateIndexService] [HERMANs-MacBook-Pro-2.local] [optimize-metadata_v3] creating index, cause [api], templates [], shards [1]/[1]
[2021-05-02T10:04:15,788][INFO ][o.e.c.m.MetadataCreateIndexService] [HERMANs-MacBook-Pro-2.local] [optimize-onboarding-state_v2] creating index, cause [api], templates [], shards [1]/[1]
[2021-05-02T10:04:15,994][INFO ][o.e.c.m.MetadataCreateIndexService] [HERMANs-MacBook-Pro-2.local] [optimize-process-definition_v4] creating index, cause [api], templates [], shards [1]/[1]
[2021-05-02T10:04:16,229][INFO ][o.e.c.m.MetadataCreateIndexService] [HERMANs-MacBook-Pro-2.local] [optimize-report-share_v3] creating index, cause [api], templates [], shards [1]/[1]
[2021-05-02T10:04:16,427][INFO ][o.e.c.m.MetadataCreateIndexService] [HERMANs-MacBook-Pro-2.local] [optimize-settings_v1] creating index, cause [api], templates [], shards [1]/[1]
[2021-05-02T10:04:16,628][INFO ][o.e.c.m.MetadataCreateIndexService] [HERMANs-MacBook-Pro-2.local] [optimize-tenant_v3] creating index, cause [api], templates [], shards [1]/[1]
[2021-05-02T10:04:16,827][INFO ][o.e.c.m.MetadataCreateIndexService] [HERMANs-MacBook-Pro-2.local] [optimize-terminated-user-session_v3] creating index, cause [api], templates [], shards [1]/[1]
[2021-05-02T10:04:17,173][INFO ][o.e.c.m.MetadataIndexTemplateService] [HERMANs-MacBook-Pro-2.local] adding template [optimize-variable-update-instance_v2] for index patterns [optimize-variable-update-instance_v2*]
[2021-05-02T10:04:17,218][INFO ][o.e.c.m.MetadataCreateIndexService] [HERMANs-MacBook-Pro-2.local] [optimize-variable-update-instance_v2-000001] creating index, cause [api], templates [optimize-variable-update-instance_v2], shards [1]/[1]
[2021-05-02T10:04:17,423][INFO ][o.e.c.m.MetadataIndexTemplateService] [HERMANs-MacBook-Pro-2.local] adding template [optimize-event_v4] for index patterns [optimize-event_v4*]
[2021-05-02T10:04:17,487][INFO ][o.e.c.m.MetadataCreateIndexService] [HERMANs-MacBook-Pro-2.local] [optimize-event_v4-000001] creating index, cause [api], templates [optimize-event_v4], shards [1]/[1]
[2021-05-02T10:04:17,685][INFO ][o.e.c.m.MetadataCreateIndexService] [HERMANs-MacBook-Pro-2.local] [optimize-event-process-definition_v3] creating index, cause [api], templates [], shards [1]/[1]
[2021-05-02T10:04:17,901][INFO ][o.e.c.m.MetadataCreateIndexService] [HERMANs-MacBook-Pro-2.local] [optimize-event-process-mapping_v4] creating index, cause [api], templates [], shards [1]/[1]
[2021-05-02T10:04:18,094][INFO ][o.e.c.m.MetadataCreateIndexService] [HERMANs-MacBook-Pro-2.local] [optimize-event-process-publish-state_v4] creating index, cause [api], templates [], shards [1]/[1]
[2021-05-02T10:04:18,289][INFO ][o.e.c.m.MetadataCreateIndexService] [HERMANs-MacBook-Pro-2.local] [optimize-import-index_v3] creating index, cause [api], templates [], shards [1]/[1]
[2021-05-02T10:04:18,488][INFO ][o.e.c.m.MetadataCreateIndexService] [HERMANs-MacBook-Pro-2.local] [optimize-timestamp-based-import-index_v4] creating index, cause [api], templates [], shards [1]/[1]
[2021-05-02T10:04:18,702][INFO ][o.e.c.m.MetadataCreateIndexService] [HERMANs-MacBook-Pro-2.local] [optimize-combined-report_v4] creating index, cause [api], templates [], shards [1]/[1]
[2021-05-02T10:04:18,908][INFO ][o.e.c.m.MetadataCreateIndexService] [HERMANs-MacBook-Pro-2.local] [optimize-single-decision-report_v6] creating index, cause [api], templates [], shards [1]/[1]
[2021-05-02T10:04:19,110][INFO ][o.e.c.m.MetadataCreateIndexService] [HERMANs-MacBook-Pro-2.local] [optimize-single-process-report_v6] creating index, cause [api], templates [], shards [1]/[1]
[2021-05-02T10:04:20,425][INFO ][o.e.c.m.MetadataCreateIndexService] [HERMANs-MacBook-Pro-2.local] [optimize-event-trace-state-external_v2] creating index, cause [api], templates [], shards [1]/[1]
[2021-05-02T10:04:20,655][INFO ][o.e.c.m.MetadataCreateIndexService] [HERMANs-MacBook-Pro-2.local] [optimize-event-sequence-count-external_v3] creating index, cause [api], templates [], shards [1]/[1]
[2021-05-02T10:04:21,012][INFO ][o.e.c.m.MetadataCreateIndexService] [HERMANs-MacBook-Pro-2.local] [.tasks] creating index, cause [auto(task api)], templates [], shards [1]/[1]
[2021-05-02T10:04:21,013][INFO ][o.e.c.r.a.AllocationService] [HERMANs-MacBook-Pro-2.local] updating number_of_replicas to [0] for indices [.tasks]
[2021-05-02T10:04:21,408][INFO ][o.e.t.LoggingTaskListener] [HERMANs-MacBook-Pro-2.local] 195 finished with response BulkByScrollResponse[took=54.1ms,timed_out=false,sliceId=null,updated=0,created=0,deleted=0,batches=0,versionConflicts=0,noops=0,retries=0,throttledUntil=0s,bulk_failures=[],search_failures=[]]
[2021-05-02T10:06:07,309][INFO ][o.e.t.LoggingTaskListener] [HERMANs-MacBook-Pro-2.local] 516 finished with response BulkByScrollResponse[took=10.9ms,timed_out=false,sliceId=null,updated=0,created=0,deleted=0,batches=0,versionConflicts=0,noops=0,retries=0,throttledUntil=0s,bulk_failures=[],search_failures=[]]
[2021-05-02T10:06:07,516][INFO ][o.e.c.m.MetadataCreateIndexService] [HERMANs-MacBook-Pro-2.local] [optimize-process-instance-gotostore2_v6] creating index, cause [api], templates [], shards [1]/[1]
[2021-05-02T10:06:07,586][INFO ][o.e.c.m.MetadataUpdateSettingsService] [HERMANs-MacBook-Pro-2.local] updating number_of_replicas to [1] for indices [optimize-process-instance-gotostore2_v6]
[2021-05-02T10:14:10,045][INFO ][o.e.n.Node               ] [HERMANs-MacBook-Pro-2.local] stopping ...
[2021-05-02T10:14:10,300][INFO ][o.e.n.Node               ] [HERMANs-MacBook-Pro-2.local] stopped
[2021-05-02T10:14:10,301][INFO ][o.e.n.Node               ] [HERMANs-MacBook-Pro-2.local] closing ...
[2021-05-02T10:14:10,309][INFO ][o.e.n.Node               ] [HERMANs-MacBook-Pro-2.local] closed
